<?xml version="1.0" encoding="UTF-8"?>
<!-- Generated by org.testng.reporters.JUnitXMLReporter -->
<testsuite ignored="0" hostname="Joshua" failures="0" tests="4" name="Default test" time="5.58" errors="0" timestamp="2026-05-02T19:46:21 IST">
  <testcase classname="tests.SauceDemoTest$SauceDemotest" name="ValidLoginTest" time="0.463"/>
  <testcase classname="tests.SauceDemoTest$SauceDemotest" name="addToCartTest" time="0.152"/>
  <testcase classname="tests.SauceDemoTest$SauceDemotest" name="cartVerifyTest" time="0.128"/>
  <testcase classname="tests.SauceDemoTest$SauceDemotest" name="checkoutPageTest" time="0.573"/>
</testsuite> <!-- Default test -->
