<?xml version="1.0" encoding="UTF-8"?>
<testng-results ignored="0" total="4" passed="4" failed="0" skipped="0">
  <reporter-output>
  </reporter-output>
  <suite started-at="2026-05-02T19:46:15 IST" name="Default suite" finished-at="2026-05-02T19:46:21 IST" duration-ms="5580">
    <groups>
    </groups>
    <test started-at="2026-05-02T19:46:15 IST" name="Default test" finished-at="2026-05-02T19:46:21 IST" duration-ms="5580">
      <class name="tests.SauceDemoTest$SauceDemotest">
        <test-method is-config="true" signature="Setup()[pri:0, instance:tests.SauceDemoTest$SauceDemotest@6743e411]" started-at="2026-05-02T19:46:15 IST" name="Setup" finished-at="2026-05-02T19:46:19 IST" duration-ms="3849" status="PASS">
          <reporter-output>
          </reporter-output>
        </test-method> <!-- Setup -->
        <test-method signature="ValidLoginTest()[pri:1, instance:tests.SauceDemoTest$SauceDemotest@6743e411]" started-at="2026-05-02T19:46:19 IST" name="ValidLoginTest" finished-at="2026-05-02T19:46:20 IST" duration-ms="463" status="PASS">
          <reporter-output>
          </reporter-output>
        </test-method> <!-- ValidLoginTest -->
        <test-method signature="addToCartTest()[pri:2, instance:tests.SauceDemoTest$SauceDemotest@6743e411]" started-at="2026-05-02T19:46:20 IST" name="addToCartTest" finished-at="2026-05-02T19:46:20 IST" duration-ms="152" status="PASS">
          <reporter-output>
          </reporter-output>
        </test-method> <!-- addToCartTest -->
        <test-method signature="cartVerifyTest()[pri:3, instance:tests.SauceDemoTest$SauceDemotest@6743e411]" started-at="2026-05-02T19:46:20 IST" name="cartVerifyTest" finished-at="2026-05-02T19:46:20 IST" duration-ms="128" status="PASS">
          <reporter-output>
          </reporter-output>
        </test-method> <!-- cartVerifyTest -->
        <test-method signature="checkoutPageTest()[pri:4, instance:tests.SauceDemoTest$SauceDemotest@6743e411]" started-at="2026-05-02T19:46:20 IST" name="checkoutPageTest" finished-at="2026-05-02T19:46:20 IST" duration-ms="573" status="PASS">
          <reporter-output>
          </reporter-output>
        </test-method> <!-- checkoutPageTest -->
        <test-method is-config="true" signature="tearDown()[pri:0, instance:tests.SauceDemoTest$SauceDemotest@6743e411]" started-at="2026-05-02T19:46:20 IST" name="tearDown" finished-at="2026-05-02T19:46:21 IST" duration-ms="347" status="PASS">
          <reporter-output>
          </reporter-output>
        </test-method> <!-- tearDown -->
      </class> <!-- tests.SauceDemoTest$SauceDemotest -->
    </test> <!-- Default test -->
  </suite> <!-- Default suite -->
</testng-results>
