<?xml version="1.0" encoding="UTF-8"?>
<!-- Generated by org.testng.reporters.JUnitReportReporter -->
<testsuite hostname="Joshua" failures="0" tests="4" name="tests.SauceDemoTest$SauceDemotest" time="1.316" errors="0" timestamp="2026-05-02T19:46:21 IST" skipped="0">
  <testcase classname="tests.SauceDemoTest$SauceDemotest" name="ValidLoginTest" time="0.463"/>
  <testcase classname="tests.SauceDemoTest$SauceDemotest" name="addToCartTest" time="0.152"/>
  <testcase classname="tests.SauceDemoTest$SauceDemotest" name="cartVerifyTest" time="0.128"/>
  <testcase classname="tests.SauceDemoTest$SauceDemotest" name="checkoutPageTest" time="0.573"/>
</testsuite> <!-- tests.SauceDemoTest$SauceDemotest -->
